<?xml version="1.0" encoding="UTF-8"?>
<testng-results skipped="0" failed="0" total="1" passed="1">
  <reporter-output>
  </reporter-output>
  <suite name="Default suite" duration-ms="2211" started-at="2017-11-29T17:53:46Z" finished-at="2017-11-29T17:53:48Z">
    <groups>
    </groups>
    <test name="Default test" duration-ms="2211" started-at="2017-11-29T17:53:46Z" finished-at="2017-11-29T17:53:48Z">
      <class name="REST.RestExample">
        <test-method status="PASS" signature="setup()[pri:0, instance:REST.RestExample@3ac3fd8b]" name="setup" is-config="true" duration-ms="396" started-at="2017-11-29T11:53:46Z" finished-at="2017-11-29T11:53:46Z">
          <reporter-output>
          </reporter-output>
        </test-method> <!-- setup -->
        <test-method status="PASS" signature="FirstTest()[pri:0, instance:REST.RestExample@3ac3fd8b]" name="FirstTest" duration-ms="1798" started-at="2017-11-29T11:53:46Z" finished-at="2017-11-29T11:53:48Z">
          <reporter-output>
          </reporter-output>
        </test-method> <!-- FirstTest -->
      </class> <!-- REST.RestExample -->
    </test> <!-- Default test -->
  </suite> <!-- Default suite -->
</testng-results>
